<?xml version="1.0" encoding="UTF-8"?>
<!-- Generated by org.testng.reporters.JUnitReportReporter -->
<testsuite hostname="YCSPC009" name="com.qa.tests.CountryTests" tests="2" failures="0" timestamp="8 Sep 2020 08:52:23 GMT" time="3.251" errors="0">
  <testcase name="loginTest" time="2.735" classname="com.qa.tests.CountryTests"/>
  <testcase name="getUserTest" time="0.516" classname="com.qa.tests.CountryTests"/>
</testsuite> <!-- com.qa.tests.CountryTests -->
