<?xml version="1.0" encoding="UTF-8"?>
<!-- Generated by org.testng.reporters.JUnitReportReporter -->
<testsuite skipped="1" hostname="YCSPC009" name="com.qa.tests.CountryTests" tests="3" failures="0" timestamp="08 九月 2020 10:45:31 GMT" time="3.374" errors="0">
  <testcase name="loginTest" time="2.828" classname="com.qa.tests.CountryTests"/>
  <testcase name="getUserTest" time="0.546" classname="com.qa.tests.CountryTests"/>
  <testcase name="modifyUser" classname="com.qa.tests.CountryTests">
    <skipped/>
  </testcase> <!-- modifyUser -->
</testsuite> <!-- com.qa.tests.CountryTests -->
