<?xml version="1.0" encoding="UTF-8"?>
<!-- Generated by org.testng.reporters.JUnitReportReporter -->
<testsuite skipped="1" hostname="YCSPC009" name="com.qa.tests.CountryTests" tests="3" failures="0" timestamp="10 九月 2020 06:12:46 GMT" time="13.224" errors="0">
  <testcase name="loginTest" time="7.509" classname="com.qa.tests.CountryTests"/>
  <testcase name="getUserTest" time="5.715" classname="com.qa.tests.CountryTests"/>
  <testcase name="modifyUser" classname="com.qa.tests.CountryTests">
    <skipped/>
  </testcase> <!-- modifyUser -->
</testsuite> <!-- com.qa.tests.CountryTests -->
